<?xml version="1.0" encoding="UTF-8"?>
<!-- Generated by org.testng.reporters.JUnitReportReporter -->
<testsuite hostname="AIPL-LT-1002" name="com.fli.qa.testcases.LoginPageTest" tests="1" failures="0" timestamp="12 Nov 2019 12:06:12 GMT" time="17.471" errors="0">
  <testcase name="CheckOut" time="17.471" classname="com.fli.qa.testcases.LoginPageTest"/>
</testsuite> <!-- com.fli.qa.testcases.LoginPageTest -->
